[2019-11-04 11:40:33,350] ERROR Unknown error when running consumer:  (kafka.tools.ConsoleConsumer$)
org.apache.kafka.common.errors.SerializationException: Error deserializing Avro message for id 1
Caused by: java.io.EOFException
	at org.apache.avro.io.BinaryDecoder.ensureBounds(BinaryDecoder.java:473)
	at org.apache.avro.io.BinaryDecoder.readInt(BinaryDecoder.java:128)
	at org.apache.avro.io.BinaryDecoder.readString(BinaryDecoder.java:259)
	at org.apache.avro.io.ResolvingDecoder.readString(ResolvingDecoder.java:201)
	at org.apache.avro.generic.GenericDatumReader.readString(GenericDatumReader.java:430)
	at org.apache.avro.generic.GenericDatumReader.readString(GenericDatumReader.java:422)
	at org.apache.avro.generic.GenericDatumReader.readWithoutConversion(GenericDatumReader.java:180)
	at org.apache.avro.generic.GenericDatumReader.read(GenericDatumReader.java:152)
	at org.apache.avro.generic.GenericDatumReader.readField(GenericDatumReader.java:240)
	at org.apache.avro.generic.GenericDatumReader.readRecord(GenericDatumReader.java:230)
	at org.apache.avro.generic.GenericDatumReader.readWithoutConversion(GenericDatumReader.java:174)
	at org.apache.avro.generic.GenericDatumReader.read(GenericDatumReader.java:152)
	at org.apache.avro.generic.GenericDatumReader.read(GenericDatumReader.java:144)
	at io.confluent.kafka.serializers.AbstractKafkaAvroDeserializer.deserialize(AbstractKafkaAvroDeserializer.java:125)
	at io.confluent.kafka.serializers.AbstractKafkaAvroDeserializer.deserialize(AbstractKafkaAvroDeserializer.java:79)
	at io.confluent.kafka.formatter.AvroMessageFormatter.writeTo(AvroMessageFormatter.java:184)
	at io.confluent.kafka.formatter.AvroMessageFormatter.writeTo(AvroMessageFormatter.java:158)
	at kafka.tools.ConsoleConsumer$.process(ConsoleConsumer.scala:119)
	at kafka.tools.ConsoleConsumer$.run(ConsoleConsumer.scala:77)
	at kafka.tools.ConsoleConsumer$.main(ConsoleConsumer.scala:54)
	at kafka.tools.ConsoleConsumer.main(ConsoleConsumer.scala)
